<?xml version="1.0" encoding="UTF-8"?>
<!-- Generated by org.testng.reporters.JUnitReportReporter -->
<testsuite skipped="0" hostname="DESKTOP-R07G1LU" name="Test.Demoblazetest" tests="3" failures="0" timestamp="18 Feb 2021 13:52:58 GMT" time="21.634" errors="0">
  <testcase name="AddingItemsintocart" time="19.918" classname="Test.Demoblazetest"/>
  <testcase name="loginscenario" time="0.737" classname="Test.Demoblazetest"/>
  <testcase name="Carddetails" time="0.979" classname="Test.Demoblazetest"/>
</testsuite> <!-- Test.Demoblazetest -->
