<?xml version="1.0" encoding="UTF-8"?>
<!-- Generated by org.testng.reporters.JUnitReportReporter -->
<testsuite skipped="0" hostname="DESKTOP-R07G1LU" name="Test.Demoblazetest" tests="3" failures="0" timestamp="19 Feb 2021 04:55:13 GMT" time="45.714" errors="0">
  <testcase name="loginscenario" time="2.595" classname="Test.Demoblazetest"/>
  <testcase name="Carddetails" time="9.707" classname="Test.Demoblazetest"/>
  <testcase name="AddingItemsintocart" time="33.412" classname="Test.Demoblazetest"/>
</testsuite> <!-- Test.Demoblazetest -->
