<?xml version="1.0" encoding="UTF-8"?>
<!-- Generated by org.testng.reporters.JUnitReportReporter -->
<testsuite skipped="0" hostname="DESKTOP-R07G1LU" name="Test.logintest" tests="1" failures="0" timestamp="2020-10-09T23:50:53 IST" time="5.255" errors="0">
  <testcase name="loginintoapp" time="5.255" classname="Test.logintest"/>
  <system-out/>
</testsuite> <!-- Test.logintest -->
