<?xml version="1.0" encoding="UTF-8"?>
<!-- Generated by org.testng.reporters.JUnitReportReporter -->
<testsuite skipped="0" hostname="DESKTOP-R07G1LU" name="Test.Demoblazetest" tests="3" failures="0" timestamp="2021-02-18T19:21:14 IST" time="20.157" errors="0">
  <testcase name="Carddetails" time="1.130" classname="Test.Demoblazetest"/>
  <system-out/>
  <testcase name="loginscenario" time="1.044" classname="Test.Demoblazetest"/>
  <system-out/>
  <testcase name="AddingItemsintocart" time="17.983" classname="Test.Demoblazetest"/>
  <system-out/>
</testsuite> <!-- Test.Demoblazetest -->
