<?xml version="1.0" encoding="UTF-8"?>
<!-- Generated by org.testng.reporters.JUnitReportReporter -->
<testsuite skipped="0" hostname="DESKTOP-R07G1LU" name="Test.Demoblazetest" tests="3" failures="0" timestamp="2021-02-18T22:18:26 IST" time="25.186" errors="0">
  <testcase name="Carddetails" time="3.393" classname="Test.Demoblazetest"/>
  <system-out/>
  <testcase name="loginscenario" time="2.489" classname="Test.Demoblazetest"/>
  <system-out/>
  <testcase name="AddingItemsintocart" time="19.304" classname="Test.Demoblazetest"/>
  <system-out/>
</testsuite> <!-- Test.Demoblazetest -->
